<?xml version="1.0" encoding="UTF-8"?>
<testng-results ignored="0" total="2" passed="2" failed="0" skipped="0">
  <reporter-output>
  </reporter-output>
  <suite started-at="2018-12-07T00:24:42Z" name="Suite" finished-at="2018-12-07T00:24:52Z" duration-ms="10028">
    <groups>
    </groups>
    <test started-at="2018-12-07T00:24:42Z" name="Test" finished-at="2018-12-07T00:24:52Z" duration-ms="10028">
      <class name="com.Maven.MavenTest1">
        <test-method signature="testz()[pri:0, instance:com.Maven.MavenTest1@247d8ae]" started-at="2018-12-07T00:24:42Z" name="testz" finished-at="2018-12-07T00:24:52Z" duration-ms="10007" status="PASS">
          <reporter-output>
          </reporter-output>
        </test-method> <!-- testz -->
      </class> <!-- com.Maven.MavenTest1 -->
    </test> <!-- Test -->
  </suite> <!-- Suite -->
  <suite started-at="2018-12-07T00:24:52Z" name="Suite (0)" finished-at="2018-12-07T00:24:52Z" duration-ms="4">
    <groups>
    </groups>
    <test started-at="2018-12-07T00:24:52Z" name="Test" finished-at="2018-12-07T00:24:52Z" duration-ms="4">
      <class name="com.Maven.MavenTest">
        <test-method signature="hello()[pri:0, instance:com.Maven.MavenTest@3e84448c]" started-at="2018-12-07T00:24:52Z" name="hello" finished-at="2018-12-07T00:24:52Z" duration-ms="0" status="PASS">
          <reporter-output>
          </reporter-output>
        </test-method> <!-- hello -->
      </class> <!-- com.Maven.MavenTest -->
    </test> <!-- Test -->
  </suite> <!-- Suite (0) -->
</testng-results>
