<?xml version="1.0" encoding="UTF-8"?>
<testng-results skipped="0" failed="0" ignored="0" total="1" passed="1">
  <reporter-output>
  </reporter-output>
  <suite name="Default suite" duration-ms="12684" started-at="2018-12-02T18:41:55Z" finished-at="2018-12-02T18:42:08Z">
    <groups>
    </groups>
    <test name="Default test" duration-ms="12684" started-at="2018-12-02T18:41:55Z" finished-at="2018-12-02T18:42:08Z">
      <class name="com.Maven.MavenTest1">
        <test-method status="PASS" signature="testz()[pri:0, instance:com.Maven.MavenTest1@1d057a39]" name="testz" duration-ms="12649" started-at="2018-12-02T18:41:55Z" finished-at="2018-12-02T18:42:08Z">
          <reporter-output>
          </reporter-output>
        </test-method> <!-- testz -->
      </class> <!-- com.Maven.MavenTest1 -->
    </test> <!-- Default test -->
  </suite> <!-- Default suite -->
</testng-results>
